<?xml version="1.0" encoding="UTF-8"?>
<testsuite xmlns:xsi="http://www.w3.org/2001/XMLSchema-instance" xsi:noNamespaceSchemaLocation="https://maven.apache.org/surefire/maven-surefire-plugin/xsd/surefire-test-report-3.0.xsd" version="3.0" name="PositiveUploadTest" time="0.617" tests="1" errors="0" skipped="0" failures="0">
  <properties>
    <property name="java.specification.version" value="22"/>
    <property name="sun.jnu.encoding" value="UTF-8"/>
    <property name="java.class.path" value="/Users/michaelnyika/IdeaProjects/Thryve_UploadData_TestProject/target/test-classes:/Users/michaelnyika/IdeaProjects/Thryve_UploadData_TestProject/target/classes:/Users/michaelnyika/.m2/repository/com/squareup/okhttp3/okhttp/4.12.0/okhttp-4.12.0.jar:/Users/michaelnyika/.m2/repository/com/squareup/okio/okio/3.6.0/okio-3.6.0.jar:/Users/michaelnyika/.m2/repository/com/squareup/okio/okio-jvm/3.6.0/okio-jvm-3.6.0.jar:/Users/michaelnyika/.m2/repository/org/jetbrains/kotlin/kotlin-stdlib-common/1.9.10/kotlin-stdlib-common-1.9.10.jar:/Users/michaelnyika/.m2/repository/org/jetbrains/kotlin/kotlin-stdlib-jdk8/1.8.21/kotlin-stdlib-jdk8-1.8.21.jar:/Users/michaelnyika/.m2/repository/org/jetbrains/kotlin/kotlin-stdlib/1.8.21/kotlin-stdlib-1.8.21.jar:/Users/michaelnyika/.m2/repository/org/jetbrains/annotations/13.0/annotations-13.0.jar:/Users/michaelnyika/.m2/repository/org/jetbrains/kotlin/kotlin-stdlib-jdk7/1.8.21/kotlin-stdlib-jdk7-1.8.21.jar:/Users/michaelnyika/.m2/repository/commons-codec/commons-codec/1.16.0/commons-codec-1.16.0.jar:/Users/michaelnyika/.m2/repository/junit/junit/4.8.1/junit-4.8.1.jar:/Users/michaelnyika/.m2/repository/org/json/json/20240205/json-20240205.jar:"/>
    <property name="java.vm.vendor" value="Homebrew"/>
    <property name="sun.arch.data.model" value="64"/>
    <property name="java.vendor.url" value="https://github.com/Homebrew/homebrew-core/issues"/>
    <property name="os.name" value="Mac OS X"/>
    <property name="java.vm.specification.version" value="22"/>
    <property name="sun.java.launcher" value="SUN_STANDARD"/>
    <property name="user.country" value="DE"/>
    <property name="sun.boot.library.path" value="/opt/homebrew/Cellar/openjdk/22.0.1/libexec/openjdk.jdk/Contents/Home/lib"/>
    <property name="sun.java.command" value="/Users/michaelnyika/IdeaProjects/Thryve_UploadData_TestProject/target/surefire/surefirebooter-20240615130026430_3.jar /Users/michaelnyika/IdeaProjects/Thryve_UploadData_TestProject/target/surefire 2024-06-15T13-00-26_390-jvmRun1 surefire-20240615130026430_1tmp surefire_0-20240615130026430_2tmp"/>
    <property name="http.nonProxyHosts" value="local|*.local|169.254/16|*.169.254/16"/>
    <property name="jdk.debug" value="release"/>
    <property name="surefire.test.class.path" value="/Users/michaelnyika/IdeaProjects/Thryve_UploadData_TestProject/target/test-classes:/Users/michaelnyika/IdeaProjects/Thryve_UploadData_TestProject/target/classes:/Users/michaelnyika/.m2/repository/com/squareup/okhttp3/okhttp/4.12.0/okhttp-4.12.0.jar:/Users/michaelnyika/.m2/repository/com/squareup/okio/okio/3.6.0/okio-3.6.0.jar:/Users/michaelnyika/.m2/repository/com/squareup/okio/okio-jvm/3.6.0/okio-jvm-3.6.0.jar:/Users/michaelnyika/.m2/repository/org/jetbrains/kotlin/kotlin-stdlib-common/1.9.10/kotlin-stdlib-common-1.9.10.jar:/Users/michaelnyika/.m2/repository/org/jetbrains/kotlin/kotlin-stdlib-jdk8/1.8.21/kotlin-stdlib-jdk8-1.8.21.jar:/Users/michaelnyika/.m2/repository/org/jetbrains/kotlin/kotlin-stdlib/1.8.21/kotlin-stdlib-1.8.21.jar:/Users/michaelnyika/.m2/repository/org/jetbrains/annotations/13.0/annotations-13.0.jar:/Users/michaelnyika/.m2/repository/org/jetbrains/kotlin/kotlin-stdlib-jdk7/1.8.21/kotlin-stdlib-jdk7-1.8.21.jar:/Users/michaelnyika/.m2/repository/commons-codec/commons-codec/1.16.0/commons-codec-1.16.0.jar:/Users/michaelnyika/.m2/repository/junit/junit/4.8.1/junit-4.8.1.jar:/Users/michaelnyika/.m2/repository/org/json/json/20240205/json-20240205.jar:"/>
    <property name="sun.cpu.endian" value="little"/>
    <property name="user.home" value="/Users/michaelnyika"/>
    <property name="user.language" value="en"/>
    <property name="java.specification.vendor" value="Oracle Corporation"/>
    <property name="java.version.date" value="2024-04-16"/>
    <property name="java.home" value="/opt/homebrew/Cellar/openjdk/22.0.1/libexec/openjdk.jdk/Contents/Home"/>
    <property name="file.separator" value="/"/>
    <property name="basedir" value="/Users/michaelnyika/IdeaProjects/Thryve_UploadData_TestProject"/>
    <property name="java.vm.compressedOopsMode" value="Zero based"/>
    <property name="line.separator" value="&#10;"/>
    <property name="java.vm.specification.vendor" value="Oracle Corporation"/>
    <property name="java.specification.name" value="Java Platform API Specification"/>
    <property name="apple.awt.application.name" value="ForkedBooter"/>
    <property name="surefire.real.class.path" value="/Users/michaelnyika/IdeaProjects/Thryve_UploadData_TestProject/target/surefire/surefirebooter-20240615130026430_3.jar"/>
    <property name="sun.management.compiler" value="HotSpot 64-Bit Tiered Compilers"/>
    <property name="ftp.nonProxyHosts" value="local|*.local|169.254/16|*.169.254/16"/>
    <property name="java.runtime.version" value="22.0.1"/>
    <property name="user.name" value="michaelnyika"/>
    <property name="stdout.encoding" value="UTF-8"/>
    <property name="path.separator" value=":"/>
    <property name="os.version" value="14.4.1"/>
    <property name="java.runtime.name" value="OpenJDK Runtime Environment"/>
    <property name="file.encoding" value="UTF-8"/>
    <property name="java.vm.name" value="OpenJDK 64-Bit Server VM"/>
    <property name="java.vendor.version" value="Homebrew"/>
    <property name="localRepository" value="/Users/michaelnyika/.m2/repository"/>
    <property name="java.vendor.url.bug" value="https://github.com/Homebrew/homebrew-core/issues"/>
    <property name="java.io.tmpdir" value="/var/folders/gv/0jk86vhd1fzfpc5mfmk9rv1c0000gp/T/"/>
    <property name="java.version" value="22.0.1"/>
    <property name="user.dir" value="/Users/michaelnyika/IdeaProjects/Thryve_UploadData_TestProject"/>
    <property name="os.arch" value="aarch64"/>
    <property name="java.vm.specification.name" value="Java Virtual Machine Specification"/>
    <property name="native.encoding" value="UTF-8"/>
    <property name="java.library.path" value="/Users/michaelnyika/Library/Java/Extensions:/Library/Java/Extensions:/Network/Library/Java/Extensions:/System/Library/Java/Extensions:/usr/lib/java:."/>
    <property name="java.vm.info" value="mixed mode, sharing"/>
    <property name="stderr.encoding" value="UTF-8"/>
    <property name="java.vendor" value="Homebrew"/>
    <property name="java.vm.version" value="22.0.1"/>
    <property name="sun.io.unicode.encoding" value="UnicodeBig"/>
    <property name="socksNonProxyHosts" value="local|*.local|169.254/16|*.169.254/16"/>
    <property name="java.class.version" value="66.0"/>
  </properties>
  <testcase name="check_Uploaded_HealthDataSample_Corresponds_ExactlyTo_Downloaded_Sample" classname="PositiveUploadTest" time="0.601">
    <system-out><![CDATA[Authentication Token : -> 207ad3c2209ff8c74032e3f2ebb3b629
Response Code: [204] : Data Upload Success: -> true
We Uploaded data just after timestamp: -> 1718449227067
Downloaded data: -> {"authenticationToken":"207ad3c2209ff8c74032e3f2ebb3b629","dataSources":[{"dataSource":1001,"data":[{"startTimestampUnix":1718449227000,"createdAtUnix":1718449227119,"dynamicValueType":5020,"value":"73.2","valueType":"DOUBLE"},{"startTimestampUnix":1718449227000,"createdAtUnix":1718449227119,"dynamicValueType":5030,"value":"175","valueType":"LONG"}]}]}
]]></system-out>
  </testcase>
</testsuite>